[ 2016-03-02T23:13:20+08:00 ] ::1 /coffee/admin.php/Home/picture/lunbo
INFO: [ app_init ] --START--
INFO: Run Behavior\BuildLiteBehavior [ RunTime:0.000000s ]
INFO: [ app_init ] --END-- [ RunTime:0.000000s ]
INFO: [ app_begin ] --START--
INFO: Run Behavior\ReadHtmlCacheBehavior [ RunTime:0.019001s ]
INFO: [ app_begin ] --END-- [ RunTime:0.020001s ]
INFO: [ view_parse ] --START--
INFO: [ template_filter ] --START--
INFO: Run Behavior\ContentReplaceBehavior [ RunTime:0.000000s ]
INFO: [ template_filter ] --END-- [ RunTime:0.000000s ]
NOTIC: [8] Undefined variable: meta_title D:\phpStudy\WWW\coffee\Admin\Runtime\Cache\Home\2bafb6aac55b62b46ed8f891353b7252.php 第 5 行.
NOTIC: [8] Use of undefined constant SITE_VERSION - assumed 'SITE_VERSION' D:\phpStudy\WWW\coffee\Admin\Runtime\Cache\Home\2bafb6aac55b62b46ed8f891353b7252.php 第 7 行.
NOTIC: [8] Use of undefined constant SITE_VERSION - assumed 'SITE_VERSION' D:\phpStudy\WWW\coffee\Admin\Runtime\Cache\Home\2bafb6aac55b62b46ed8f891353b7252.php 第 8 行.
NOTIC: [8] Use of undefined constant SITE_VERSION - assumed 'SITE_VERSION' D:\phpStudy\WWW\coffee\Admin\Runtime\Cache\Home\2bafb6aac55b62b46ed8f891353b7252.php 第 9 行.
NOTIC: [8] Use of undefined constant SITE_VERSION - assumed 'SITE_VERSION' D:\phpStudy\WWW\coffee\Admin\Runtime\Cache\Home\2bafb6aac55b62b46ed8f891353b7252.php 第 10 行.
NOTIC: [8] Use of undefined constant SITE_VERSION - assumed 'SITE_VERSION' D:\phpStudy\WWW\coffee\Admin\Runtime\Cache\Home\2bafb6aac55b62b46ed8f891353b7252.php 第 11 行.
NOTIC: [8] Use of undefined constant SITE_VERSION - assumed 'SITE_VERSION' D:\phpStudy\WWW\coffee\Admin\Runtime\Cache\Home\2bafb6aac55b62b46ed8f891353b7252.php 第 12 行.
NOTIC: [8] Use of undefined constant SITE_VERSION - assumed 'SITE_VERSION' D:\phpStudy\WWW\coffee\Admin\Runtime\Cache\Home\2bafb6aac55b62b46ed8f891353b7252.php 第 17 行.
NOTIC: [8] Undefined variable: __MENU__ D:\phpStudy\WWW\coffee\Admin\Runtime\Cache\Home\2bafb6aac55b62b46ed8f891353b7252.php 第 30 行.

[ 2016-03-02T23:18:40+08:00 ] ::1 /coffee/admin.php/Home/picture/lunbo
INFO: [ app_init ] --START--
INFO: Run Behavior\BuildLiteBehavior [ RunTime:0.000000s ]
INFO: [ app_init ] --END-- [ RunTime:0.001000s ]
INFO: [ app_begin ] --START--
INFO: Run Behavior\ReadHtmlCacheBehavior [ RunTime:0.000000s ]
INFO: [ app_begin ] --END-- [ RunTime:0.000000s ]
INFO: [ view_parse ] --START--
INFO: [ template_filter ] --START--
INFO: Run Behavior\ContentReplaceBehavior [ RunTime:0.000000s ]
INFO: [ template_filter ] --END-- [ RunTime:0.000000s ]
NOTIC: [8] Undefined variable: meta_title D:\phpStudy\WWW\coffee\Admin\Runtime\Cache\Home\2bafb6aac55b62b46ed8f891353b7252.php 第 5 行.
NOTIC: [8] Use of undefined constant SITE_VERSION - assumed 'SITE_VERSION' D:\phpStudy\WWW\coffee\Admin\Runtime\Cache\Home\2bafb6aac55b62b46ed8f891353b7252.php 第 7 行.
NOTIC: [8] Use of undefined constant SITE_VERSION - assumed 'SITE_VERSION' D:\phpStudy\WWW\coffee\Admin\Runtime\Cache\Home\2bafb6aac55b62b46ed8f891353b7252.php 第 8 行.
NOTIC: [8] Use of undefined constant SITE_VERSION - assumed 'SITE_VERSION' D:\phpStudy\WWW\coffee\Admin\Runtime\Cache\Home\2bafb6aac55b62b46ed8f891353b7252.php 第 9 行.
NOTIC: [8] Use of undefined constant SITE_VERSION - assumed 'SITE_VERSION' D:\phpStudy\WWW\coffee\Admin\Runtime\Cache\Home\2bafb6aac55b62b46ed8f891353b7252.php 第 10 行.
NOTIC: [8] Use of undefined constant SITE_VERSION - assumed 'SITE_VERSION' D:\phpStudy\WWW\coffee\Admin\Runtime\Cache\Home\2bafb6aac55b62b46ed8f891353b7252.php 第 11 行.
NOTIC: [8] Use of undefined constant SITE_VERSION - assumed 'SITE_VERSION' D:\phpStudy\WWW\coffee\Admin\Runtime\Cache\Home\2bafb6aac55b62b46ed8f891353b7252.php 第 12 行.
NOTIC: [8] Use of undefined constant SITE_VERSION - assumed 'SITE_VERSION' D:\phpStudy\WWW\coffee\Admin\Runtime\Cache\Home\2bafb6aac55b62b46ed8f891353b7252.php 第 17 行.
NOTIC: [8] Undefined variable: __MENU__ D:\phpStudy\WWW\coffee\Admin\Runtime\Cache\Home\2bafb6aac55b62b46ed8f891353b7252.php 第 30 行.

[ 2016-03-02T23:21:25+08:00 ] ::1 /coffee/admin.php/Home/picture/lunbo
INFO: [ app_init ] --START--
INFO: Run Behavior\BuildLiteBehavior [ RunTime:0.000000s ]
INFO: [ app_init ] --END-- [ RunTime:0.001000s ]
INFO: [ app_begin ] --START--
INFO: Run Behavior\ReadHtmlCacheBehavior [ RunTime:0.001000s ]
INFO: [ app_begin ] --END-- [ RunTime:0.001000s ]
INFO: [ view_parse ] --START--
INFO: [ template_filter ] --START--
INFO: Run Behavior\ContentReplaceBehavior [ RunTime:0.001000s ]
INFO: [ template_filter ] --END-- [ RunTime:0.001000s ]
NOTIC: [8] Undefined variable: meta_title D:\phpStudy\WWW\coffee\Admin\Runtime\Cache\Home\2bafb6aac55b62b46ed8f891353b7252.php 第 5 行.
NOTIC: [8] Use of undefined constant SITE_VERSION - assumed 'SITE_VERSION' D:\phpStudy\WWW\coffee\Admin\Runtime\Cache\Home\2bafb6aac55b62b46ed8f891353b7252.php 第 7 行.
NOTIC: [8] Use of undefined constant SITE_VERSION - assumed 'SITE_VERSION' D:\phpStudy\WWW\coffee\Admin\Runtime\Cache\Home\2bafb6aac55b62b46ed8f891353b7252.php 第 8 行.
NOTIC: [8] Use of undefined constant SITE_VERSION - assumed 'SITE_VERSION' D:\phpStudy\WWW\coffee\Admin\Runtime\Cache\Home\2bafb6aac55b62b46ed8f891353b7252.php 第 9 行.
NOTIC: [8] Use of undefined constant SITE_VERSION - assumed 'SITE_VERSION' D:\phpStudy\WWW\coffee\Admin\Runtime\Cache\Home\2bafb6aac55b62b46ed8f891353b7252.php 第 10 行.
NOTIC: [8] Use of undefined constant SITE_VERSION - assumed 'SITE_VERSION' D:\phpStudy\WWW\coffee\Admin\Runtime\Cache\Home\2bafb6aac55b62b46ed8f891353b7252.php 第 11 行.
NOTIC: [8] Use of undefined constant SITE_VERSION - assumed 'SITE_VERSION' D:\phpStudy\WWW\coffee\Admin\Runtime\Cache\Home\2bafb6aac55b62b46ed8f891353b7252.php 第 12 行.
NOTIC: [8] Use of undefined constant SITE_VERSION - assumed 'SITE_VERSION' D:\phpStudy\WWW\coffee\Admin\Runtime\Cache\Home\2bafb6aac55b62b46ed8f891353b7252.php 第 17 行.
NOTIC: [8] Undefined variable: __MENU__ D:\phpStudy\WWW\coffee\Admin\Runtime\Cache\Home\2bafb6aac55b62b46ed8f891353b7252.php 第 30 行.

[ 2016-03-02T23:21:51+08:00 ] ::1 /coffee/admin.php/Home/picture/lunbo
INFO: [ app_init ] --START--
INFO: Run Behavior\BuildLiteBehavior [ RunTime:0.000000s ]
INFO: [ app_init ] --END-- [ RunTime:0.000000s ]
INFO: [ app_begin ] --START--
INFO: Run Behavior\ReadHtmlCacheBehavior [ RunTime:0.000000s ]
INFO: [ app_begin ] --END-- [ RunTime:0.001000s ]
INFO: [ view_parse ] --START--
INFO: [ template_filter ] --START--
INFO: Run Behavior\ContentReplaceBehavior [ RunTime:0.000000s ]
INFO: [ template_filter ] --END-- [ RunTime:0.000000s ]
NOTIC: [8] Undefined variable: meta_title D:\phpStudy\WWW\coffee\Admin\Runtime\Cache\Home\2bafb6aac55b62b46ed8f891353b7252.php 第 5 行.
NOTIC: [8] Use of undefined constant SITE_VERSION - assumed 'SITE_VERSION' D:\phpStudy\WWW\coffee\Admin\Runtime\Cache\Home\2bafb6aac55b62b46ed8f891353b7252.php 第 7 行.
NOTIC: [8] Use of undefined constant SITE_VERSION - assumed 'SITE_VERSION' D:\phpStudy\WWW\coffee\Admin\Runtime\Cache\Home\2bafb6aac55b62b46ed8f891353b7252.php 第 8 行.
NOTIC: [8] Use of undefined constant SITE_VERSION - assumed 'SITE_VERSION' D:\phpStudy\WWW\coffee\Admin\Runtime\Cache\Home\2bafb6aac55b62b46ed8f891353b7252.php 第 9 行.
NOTIC: [8] Use of undefined constant SITE_VERSION - assumed 'SITE_VERSION' D:\phpStudy\WWW\coffee\Admin\Runtime\Cache\Home\2bafb6aac55b62b46ed8f891353b7252.php 第 10 行.
NOTIC: [8] Use of undefined constant SITE_VERSION - assumed 'SITE_VERSION' D:\phpStudy\WWW\coffee\Admin\Runtime\Cache\Home\2bafb6aac55b62b46ed8f891353b7252.php 第 11 行.
NOTIC: [8] Use of undefined constant SITE_VERSION - assumed 'SITE_VERSION' D:\phpStudy\WWW\coffee\Admin\Runtime\Cache\Home\2bafb6aac55b62b46ed8f891353b7252.php 第 12 行.
NOTIC: [8] Use of undefined constant SITE_VERSION - assumed 'SITE_VERSION' D:\phpStudy\WWW\coffee\Admin\Runtime\Cache\Home\2bafb6aac55b62b46ed8f891353b7252.php 第 17 行.
NOTIC: [8] Undefined variable: __MENU__ D:\phpStudy\WWW\coffee\Admin\Runtime\Cache\Home\2bafb6aac55b62b46ed8f891353b7252.php 第 30 行.

[ 2016-03-02T23:22:28+08:00 ] ::1 /coffee/admin.php/Home/picture/lunbo
INFO: [ app_init ] --START--
INFO: Run Behavior\BuildLiteBehavior [ RunTime:0.000000s ]
INFO: [ app_init ] --END-- [ RunTime:0.000000s ]
INFO: [ app_begin ] --START--
INFO: Run Behavior\ReadHtmlCacheBehavior [ RunTime:0.000000s ]
INFO: [ app_begin ] --END-- [ RunTime:0.000000s ]
INFO: [ view_parse ] --START--
NOTIC: [8] Undefined index: name D:\phpStudy\WWW\coffee\ThinkPHP\Library\Think\Template\TagLib\Cx.class.php 第 69 行.
INFO: [ template_filter ] --START--
INFO: Run Behavior\ContentReplaceBehavior [ RunTime:0.001000s ]
INFO: [ template_filter ] --END-- [ RunTime:0.001000s ]

[ 2016-03-02T23:23:30+08:00 ] ::1 /coffee/admin.php/Home/picture/lunbo
INFO: [ app_init ] --START--
INFO: Run Behavior\BuildLiteBehavior [ RunTime:0.000000s ]
INFO: [ app_init ] --END-- [ RunTime:0.000000s ]
INFO: [ app_begin ] --START--
INFO: Run Behavior\ReadHtmlCacheBehavior [ RunTime:0.001000s ]
INFO: [ app_begin ] --END-- [ RunTime:0.001000s ]
INFO: [ view_parse ] --START--
NOTIC: [8] Undefined index: name D:\phpStudy\WWW\coffee\ThinkPHP\Library\Think\Template\TagLib\Cx.class.php 第 69 行.
INFO: [ template_filter ] --START--
INFO: Run Behavior\ContentReplaceBehavior [ RunTime:0.000000s ]
INFO: [ template_filter ] --END-- [ RunTime:0.000000s ]

[ 2016-03-02T23:23:56+08:00 ] ::1 /coffee/admin.php/Home/picture/lunbo
INFO: [ app_init ] --START--
INFO: Run Behavior\BuildLiteBehavior [ RunTime:0.000000s ]
INFO: [ app_init ] --END-- [ RunTime:0.000000s ]
INFO: [ app_begin ] --START--
INFO: Run Behavior\ReadHtmlCacheBehavior [ RunTime:0.000000s ]
INFO: [ app_begin ] --END-- [ RunTime:0.000000s ]
INFO: [ view_parse ] --START--
NOTIC: [8] Undefined index: name D:\phpStudy\WWW\coffee\ThinkPHP\Library\Think\Template\TagLib\Cx.class.php 第 69 行.
INFO: [ template_filter ] --START--
INFO: Run Behavior\ContentReplaceBehavior [ RunTime:0.000000s ]
INFO: [ template_filter ] --END-- [ RunTime:0.001000s ]

[ 2016-03-02T23:24:11+08:00 ] ::1 /coffee/admin.php/Home/picture/lunbo
INFO: [ app_init ] --START--
INFO: Run Behavior\BuildLiteBehavior [ RunTime:0.000000s ]
INFO: [ app_init ] --END-- [ RunTime:0.001000s ]
INFO: [ app_begin ] --START--
INFO: Run Behavior\ReadHtmlCacheBehavior [ RunTime:0.000000s ]
INFO: [ app_begin ] --END-- [ RunTime:0.000000s ]
INFO: [ view_parse ] --START--
NOTIC: [8] Undefined index: name D:\phpStudy\WWW\coffee\ThinkPHP\Library\Think\Template\TagLib\Cx.class.php 第 69 行.
INFO: [ template_filter ] --START--
INFO: Run Behavior\ContentReplaceBehavior [ RunTime:0.000000s ]
INFO: [ template_filter ] --END-- [ RunTime:0.001000s ]

[ 2016-03-02T23:24:40+08:00 ] ::1 /coffee/admin.php/Home/picture/lunbo
INFO: [ app_init ] --START--
INFO: Run Behavior\BuildLiteBehavior [ RunTime:0.000000s ]
INFO: [ app_init ] --END-- [ RunTime:0.000000s ]
INFO: [ app_begin ] --START--
INFO: Run Behavior\ReadHtmlCacheBehavior [ RunTime:0.000000s ]
INFO: [ app_begin ] --END-- [ RunTime:0.000000s ]
INFO: [ view_parse ] --START--
NOTIC: [8] Undefined index: name D:\phpStudy\WWW\coffee\ThinkPHP\Library\Think\Template\TagLib\Cx.class.php 第 69 行.
INFO: [ template_filter ] --START--
INFO: Run Behavior\ContentReplaceBehavior [ RunTime:0.000000s ]
INFO: [ template_filter ] --END-- [ RunTime:0.000000s ]

[ 2016-03-02T23:27:16+08:00 ] ::1 /coffee/admin.php/Home/picture/lunbo
INFO: [ app_init ] --START--
INFO: Run Behavior\BuildLiteBehavior [ RunTime:0.000000s ]
INFO: [ app_init ] --END-- [ RunTime:0.000000s ]
INFO: [ app_begin ] --START--
INFO: Run Behavior\ReadHtmlCacheBehavior [ RunTime:0.001000s ]
INFO: [ app_begin ] --END-- [ RunTime:0.001000s ]
INFO: [ view_parse ] --START--
INFO: [ template_filter ] --START--
INFO: Run Behavior\ContentReplaceBehavior [ RunTime:0.000000s ]
INFO: [ template_filter ] --END-- [ RunTime:0.000000s ]
NOTIC: [8] Use of undefined constant SITE_VERSION - assumed 'SITE_VERSION' D:\phpStudy\WWW\coffee\Admin\Runtime\Cache\Home\2bafb6aac55b62b46ed8f891353b7252.php 第 6 行.
NOTIC: [8] Use of undefined constant SITE_VERSION - assumed 'SITE_VERSION' D:\phpStudy\WWW\coffee\Admin\Runtime\Cache\Home\2bafb6aac55b62b46ed8f891353b7252.php 第 7 行.
NOTIC: [8] Use of undefined constant SITE_VERSION - assumed 'SITE_VERSION' D:\phpStudy\WWW\coffee\Admin\Runtime\Cache\Home\2bafb6aac55b62b46ed8f891353b7252.php 第 8 行.
NOTIC: [8] Use of undefined constant SITE_VERSION - assumed 'SITE_VERSION' D:\phpStudy\WWW\coffee\Admin\Runtime\Cache\Home\2bafb6aac55b62b46ed8f891353b7252.php 第 9 行.
NOTIC: [8] Use of undefined constant SITE_VERSION - assumed 'SITE_VERSION' D:\phpStudy\WWW\coffee\Admin\Runtime\Cache\Home\2bafb6aac55b62b46ed8f891353b7252.php 第 10 行.
NOTIC: [8] Use of undefined constant SITE_VERSION - assumed 'SITE_VERSION' D:\phpStudy\WWW\coffee\Admin\Runtime\Cache\Home\2bafb6aac55b62b46ed8f891353b7252.php 第 11 行.
NOTIC: [8] Use of undefined constant SITE_VERSION - assumed 'SITE_VERSION' D:\phpStudy\WWW\coffee\Admin\Runtime\Cache\Home\2bafb6aac55b62b46ed8f891353b7252.php 第 16 行.
NOTIC: [8] Undefined variable: __MENU__ D:\phpStudy\WWW\coffee\Admin\Runtime\Cache\Home\2bafb6aac55b62b46ed8f891353b7252.php 第 29 行.

[ 2016-03-02T23:29:37+08:00 ] ::1 /coffee/admin.php/Home/picture/lunbo
INFO: [ app_init ] --START--
INFO: Run Behavior\BuildLiteBehavior [ RunTime:0.000000s ]
INFO: [ app_init ] --END-- [ RunTime:0.001000s ]
INFO: [ app_begin ] --START--
INFO: Run Behavior\ReadHtmlCacheBehavior [ RunTime:0.001000s ]
INFO: [ app_begin ] --END-- [ RunTime:0.001000s ]
INFO: [ view_parse ] --START--
INFO: [ template_filter ] --START--
INFO: Run Behavior\ContentReplaceBehavior [ RunTime:0.000000s ]
INFO: [ template_filter ] --END-- [ RunTime:0.000000s ]
NOTIC: [8] Undefined variable: __MENU__ D:\phpStudy\WWW\coffee\Admin\Runtime\Cache\Home\2bafb6aac55b62b46ed8f891353b7252.php 第 33 行.
INFO: Run Behavior\ParseTemplateBehavior [ RunTime:0.010001s ]
INFO: [ view_parse ] --END-- [ RunTime:0.010001s ]
INFO: [ view_filter ] --START--
INFO: Run Behavior\WriteHtmlCacheBehavior [ RunTime:0.035002s ]
INFO: [ view_filter ] --END-- [ RunTime:0.035002s ]
INFO: [ app_end ] --START--
INFO: Run Behavior\ShowPageTraceBehavior [ RunTime:0.002000s ]
INFO: [ app_end ] --END-- [ RunTime:0.002000s ]

[ 2016-03-02T23:32:08+08:00 ] ::1 /coffee/admin.php/Home/picture/lunbo
INFO: [ app_init ] --START--
INFO: Run Behavior\BuildLiteBehavior [ RunTime:0.000000s ]
INFO: [ app_init ] --END-- [ RunTime:0.000000s ]
INFO: [ app_begin ] --START--
INFO: Run Behavior\ReadHtmlCacheBehavior [ RunTime:0.001000s ]
INFO: [ app_begin ] --END-- [ RunTime:0.001000s ]
INFO: [ view_parse ] --START--
INFO: [ template_filter ] --START--
INFO: Run Behavior\ContentReplaceBehavior [ RunTime:0.000000s ]
INFO: [ template_filter ] --END-- [ RunTime:0.000000s ]
NOTIC: [8] Undefined variable: __MENU__ D:\phpStudy\WWW\coffee\Admin\Runtime\Cache\Home\2bafb6aac55b62b46ed8f891353b7252.php 第 34 行.
INFO: Run Behavior\ParseTemplateBehavior [ RunTime:0.010000s ]
INFO: [ view_parse ] --END-- [ RunTime:0.010000s ]
INFO: [ view_filter ] --START--
INFO: Run Behavior\WriteHtmlCacheBehavior [ RunTime:0.001000s ]
INFO: [ view_filter ] --END-- [ RunTime:0.001000s ]
INFO: [ app_end ] --START--
INFO: Run Behavior\ShowPageTraceBehavior [ RunTime:0.001000s ]
INFO: [ app_end ] --END-- [ RunTime:0.001000s ]

[ 2016-03-02T23:32:36+08:00 ] ::1 /coffee/admin.php/Home/picture/lunbo
INFO: [ app_init ] --START--
INFO: Run Behavior\BuildLiteBehavior [ RunTime:0.000000s ]
INFO: [ app_init ] --END-- [ RunTime:0.001000s ]
INFO: [ app_begin ] --START--
INFO: Run Behavior\ReadHtmlCacheBehavior [ RunTime:0.000000s ]
INFO: [ app_begin ] --END-- [ RunTime:0.000000s ]
INFO: [ view_parse ] --START--
INFO: [ template_filter ] --START--
INFO: Run Behavior\ContentReplaceBehavior [ RunTime:0.000000s ]
INFO: [ template_filter ] --END-- [ RunTime:0.000000s ]
NOTIC: [8] Undefined variable: __MENU__ D:\phpStudy\WWW\coffee\Admin\Runtime\Cache\Home\2bafb6aac55b62b46ed8f891353b7252.php 第 34 行.
INFO: Run Behavior\ParseTemplateBehavior [ RunTime:0.012001s ]
INFO: [ view_parse ] --END-- [ RunTime:0.013001s ]
INFO: [ view_filter ] --START--
INFO: Run Behavior\WriteHtmlCacheBehavior [ RunTime:0.000000s ]
INFO: [ view_filter ] --END-- [ RunTime:0.000000s ]
INFO: [ app_end ] --START--
INFO: Run Behavior\ShowPageTraceBehavior [ RunTime:0.001000s ]
INFO: [ app_end ] --END-- [ RunTime:0.001000s ]

[ 2016-03-02T23:36:37+08:00 ] ::1 /coffee/admin.php/Home/picture/lunbo
INFO: [ app_init ] --START--
INFO: Run Behavior\BuildLiteBehavior [ RunTime:0.000000s ]
INFO: [ app_init ] --END-- [ RunTime:0.001000s ]
INFO: [ app_begin ] --START--
INFO: Run Behavior\ReadHtmlCacheBehavior [ RunTime:0.001000s ]
INFO: [ app_begin ] --END-- [ RunTime:0.001000s ]
INFO: [ view_parse ] --START--
NOTIC: [8] Undefined index: name D:\phpStudy\WWW\coffee\ThinkPHP\Library\Think\Template\TagLib\Cx.class.php 第 69 行.
INFO: [ template_filter ] --START--
INFO: Run Behavior\ContentReplaceBehavior [ RunTime:0.000000s ]
INFO: [ template_filter ] --END-- [ RunTime:0.000000s ]

[ 2016-03-02T23:37:01+08:00 ] ::1 /coffee/admin.php/Home/picture/lunbo
INFO: [ app_init ] --START--
INFO: Run Behavior\BuildLiteBehavior [ RunTime:0.000000s ]
INFO: [ app_init ] --END-- [ RunTime:0.000000s ]
INFO: [ app_begin ] --START--
INFO: Run Behavior\ReadHtmlCacheBehavior [ RunTime:0.000000s ]
INFO: [ app_begin ] --END-- [ RunTime:0.000000s ]
INFO: [ view_parse ] --START--
NOTIC: [8] Undefined index: name D:\phpStudy\WWW\coffee\ThinkPHP\Library\Think\Template\TagLib\Cx.class.php 第 69 行.
INFO: [ template_filter ] --START--
INFO: Run Behavior\ContentReplaceBehavior [ RunTime:0.000000s ]
INFO: [ template_filter ] --END-- [ RunTime:0.000000s ]

[ 2016-03-02T23:37:08+08:00 ] ::1 /coffee/admin.php/Home/picture/lunbo
INFO: [ app_init ] --START--
INFO: Run Behavior\BuildLiteBehavior [ RunTime:0.000000s ]
INFO: [ app_init ] --END-- [ RunTime:0.001000s ]
INFO: [ app_begin ] --START--
INFO: Run Behavior\ReadHtmlCacheBehavior [ RunTime:0.000000s ]
INFO: [ app_begin ] --END-- [ RunTime:0.000000s ]
INFO: [ view_parse ] --START--
INFO: [ template_filter ] --START--
INFO: Run Behavior\ContentReplaceBehavior [ RunTime:0.001000s ]
INFO: [ template_filter ] --END-- [ RunTime:0.001000s ]
NOTIC: [8] Undefined variable: __MENU__ D:\phpStudy\WWW\coffee\Admin\Runtime\Cache\Home\2bafb6aac55b62b46ed8f891353b7252.php 第 34 行.
INFO: Run Behavior\ParseTemplateBehavior [ RunTime:0.010000s ]
INFO: [ view_parse ] --END-- [ RunTime:0.010000s ]
INFO: [ view_filter ] --START--
INFO: Run Behavior\WriteHtmlCacheBehavior [ RunTime:0.000000s ]
INFO: [ view_filter ] --END-- [ RunTime:0.000000s ]
INFO: [ app_end ] --START--
INFO: Run Behavior\ShowPageTraceBehavior [ RunTime:0.001000s ]
INFO: [ app_end ] --END-- [ RunTime:0.001000s ]

